2026-02-07 19:56:37,741 [INFO] [DatabaseTurbo] -  Iniciando Transacci贸n ASNCRONA...
2026-02-07 19:56:38,242 [INFO] [DatabaseTurbo] -  Iniciando Transacci贸n ASNCRONA...
2026-02-08 21:21:27,689 [INFO] [DatabaseTurbo] -  Iniciando Transacci贸n ASNCRONA...
2026-02-08 21:21:27,818 [INFO] [DatabaseTurbo] -  Iniciando Transacci贸n ASNCRONA...
2026-02-08 21:21:27,850 [INFO] [DatabaseTurbo] -  Iniciando Transacci贸n ASNCRONA...
2026-02-08 21:21:27,865 [INFO] [DatabaseTurbo] -  Iniciando Transacci贸n ASNCRONA...
2026-02-08 21:21:27,909 [INFO] [DatabaseTurbo] -  Iniciando Transacci贸n ASNCRONA...
2026-02-08 21:21:27,925 [INFO] [DatabaseTurbo] -  Iniciando Transacci贸n ASNCRONA...
2026-02-08 21:21:27,933 [INFO] [DatabaseTurbo] -  Iniciando Transacci贸n ASNCRONA...
2026-02-08 21:21:28,008 [INFO] [DatabaseTurbo] -  Iniciando Transacci贸n ASNCRONA...
2026-02-08 21:23:14,186 [INFO] [DatabaseTurbo] -  Iniciando Transacci贸n ASNCRONA...
2026-02-08 21:23:14,307 [INFO] [DatabaseTurbo] -  Iniciando Transacci贸n ASNCRONA...
2026-02-08 21:23:14,338 [INFO] [DatabaseTurbo] -  Iniciando Transacci贸n ASNCRONA...
2026-02-08 21:23:14,349 [INFO] [DatabaseTurbo] -  Iniciando Transacci贸n ASNCRONA...
2026-02-08 21:23:14,399 [INFO] [DatabaseTurbo] -  Iniciando Transacci贸n ASNCRONA...
2026-02-08 21:23:14,417 [INFO] [DatabaseTurbo] -  Iniciando Transacci贸n ASNCRONA...
2026-02-08 21:23:14,426 [INFO] [DatabaseTurbo] -  Iniciando Transacci贸n ASNCRONA...
2026-02-08 21:23:14,500 [INFO] [DatabaseTurbo] -  Iniciando Transacci贸n ASNCRONA...
2026-02-08 21:23:35,029 [INFO] [DatabaseTurbo] -  Iniciando Transacci贸n ASNCRONA...
2026-02-08 21:23:35,153 [INFO] [DatabaseTurbo] -  Iniciando Transacci贸n ASNCRONA...
2026-02-08 21:23:35,183 [INFO] [DatabaseTurbo] -  Iniciando Transacci贸n ASNCRONA...
2026-02-08 21:23:35,196 [INFO] [DatabaseTurbo] -  Iniciando Transacci贸n ASNCRONA...
2026-02-08 21:23:35,244 [INFO] [DatabaseTurbo] -  Iniciando Transacci贸n ASNCRONA...
2026-02-08 21:23:35,257 [INFO] [DatabaseTurbo] -  Iniciando Transacci贸n ASNCRONA...
2026-02-08 21:23:35,266 [INFO] [DatabaseTurbo] -  Iniciando Transacci贸n ASNCRONA...
2026-02-08 21:23:35,329 [INFO] [DatabaseTurbo] -  Iniciando Transacci贸n ASNCRONA...
2026-02-08 21:23:53,702 [INFO] [DatabaseTurbo] -  Iniciando Transacci贸n ASNCRONA...
2026-02-08 21:23:53,827 [INFO] [DatabaseTurbo] -  Iniciando Transacci贸n ASNCRONA...
2026-02-08 21:23:53,852 [INFO] [DatabaseTurbo] -  Iniciando Transacci贸n ASNCRONA...
2026-02-08 21:23:53,865 [INFO] [DatabaseTurbo] -  Iniciando Transacci贸n ASNCRONA...
2026-02-08 21:23:53,908 [INFO] [DatabaseTurbo] -  Iniciando Transacci贸n ASNCRONA...
2026-02-08 21:23:53,922 [INFO] [DatabaseTurbo] -  Iniciando Transacci贸n ASNCRONA...
2026-02-08 21:23:53,929 [INFO] [DatabaseTurbo] -  Iniciando Transacci贸n ASNCRONA...
2026-02-08 21:23:54,000 [INFO] [DatabaseTurbo] -  Iniciando Transacci贸n ASNCRONA...
2026-02-08 21:25:40,152 [INFO] [DatabaseTurbo] -  Iniciando Transacci贸n ASNCRONA...
2026-02-08 21:25:40,269 [INFO] [DatabaseTurbo] -  Iniciando Transacci贸n ASNCRONA...
2026-02-08 21:25:40,297 [INFO] [DatabaseTurbo] -  Iniciando Transacci贸n ASNCRONA...
2026-02-08 21:25:40,310 [INFO] [DatabaseTurbo] -  Iniciando Transacci贸n ASNCRONA...
2026-02-08 21:25:40,352 [INFO] [DatabaseTurbo] -  Iniciando Transacci贸n ASNCRONA...
2026-02-08 21:25:40,366 [INFO] [DatabaseTurbo] -  Iniciando Transacci贸n ASNCRONA...
2026-02-08 21:25:40,373 [INFO] [DatabaseTurbo] -  Iniciando Transacci贸n ASNCRONA...
2026-02-08 21:25:40,439 [INFO] [DatabaseTurbo] -  Iniciando Transacci贸n ASNCRONA...
2026-02-08 22:07:22,640 [INFO] [DatabaseTurbo] -  Iniciando Transacci贸n ASNCRONA...
2026-02-08 22:07:23,200 [INFO] [DatabaseTurbo] -  Iniciando Transacci贸n ASNCRONA...
2026-02-08 22:07:24,554 [INFO] [DatabaseTurbo] -  Iniciando Transacci贸n ASNCRONA...
2026-02-08 22:07:25,033 [INFO] [DatabaseTurbo] -  Iniciando Transacci贸n ASNCRONA...
2026-02-08 22:07:25,543 [INFO] [DatabaseTurbo] -  Iniciando Transacci贸n ASNCRONA...
2026-02-08 22:17:24,860 [WARNING] [OpsReadiness] - ops-readiness-check 2026-02-08T22:17:24
2026-02-08 22:17:25,907 [WARNING] [OpsReadiness] - ops-readiness-check 2026-02-08T22:17:25
2026-02-08 22:19:49,090 [WARNING] [OpsReadiness] - ops-readiness-check 2026-02-08T22:19:49
2026-02-08 22:21:38,159 [WARNING] [OpsReadiness] - ops-readiness-check 2026-02-08T22:21:38
2026-02-08 22:22:33,959 [WARNING] [OpsReadiness] - ops-readiness-check 2026-02-08T22:22:33
2026-02-08 22:23:36,618 [WARNING] [OpsReadiness] - ops-readiness-check 2026-02-08T22:23:36
2026-02-08 22:24:05,447 [INFO] [DatabaseTurbo] -  Iniciando Transacci贸n ASNCRONA...
2026-02-08 22:24:05,519 [INFO] [DatabaseTurbo] -  Iniciando Transacci贸n ASNCRONA...
2026-02-08 22:24:05,536 [INFO] [DatabaseTurbo] -  Iniciando Transacci贸n ASNCRONA...
2026-02-08 22:24:05,546 [INFO] [DatabaseTurbo] -  Iniciando Transacci贸n ASNCRONA...
2026-02-08 22:24:05,579 [INFO] [DatabaseTurbo] -  Iniciando Transacci贸n ASNCRONA...
2026-02-08 22:24:05,593 [INFO] [DatabaseTurbo] -  Iniciando Transacci贸n ASNCRONA...
2026-02-08 22:24:05,599 [INFO] [DatabaseTurbo] -  Iniciando Transacci贸n ASNCRONA...
2026-02-08 22:24:05,643 [INFO] [DatabaseTurbo] -  Iniciando Transacci贸n ASNCRONA...
2026-02-08 22:25:25,554 [WARNING] [OpsReadiness] - ops-readiness-check 2026-02-08T22:25:25
2026-02-09 00:30:47,410 [INFO] [DatabaseTurbo] -  Iniciando Transacci贸n ASNCRONA...
2026-02-09 00:30:51,350 [INFO] [DatabaseTurbo] -  Iniciando Transacci贸n ASNCRONA...
2026-02-09 00:30:54,234 [INFO] [DatabaseTurbo] -  Iniciando Transacci贸n ASNCRONA...
2026-02-09 00:30:55,437 [INFO] [DatabaseTurbo] -  Iniciando Transacci贸n ASNCRONA...
2026-02-09 00:30:57,210 [INFO] [DatabaseTurbo] -  Iniciando Transacci贸n ASNCRONA...
2026-02-09 00:31:02,614 [INFO] [DatabaseTurbo] -  Iniciando Transacci贸n ASNCRONA...
2026-02-09 00:31:04,333 [INFO] [DatabaseTurbo] -  Iniciando Transacci贸n ASNCRONA...
2026-02-09 01:43:34,791 [INFO] [DatabaseTurbo] -  Iniciando Transacci贸n ASNCRONA...
2026-02-09 01:43:35,033 [INFO] [DatabaseTurbo] -  Iniciando Transacci贸n ASNCRONA...
2026-02-09 17:11:02,337 [INFO] [DatabaseTurbo] -  Iniciando Transacci贸n ASNCRONA...
2026-02-09 17:11:02,896 [INFO] [DatabaseTurbo] -  Iniciando Transacci贸n ASNCRONA...
2026-02-09 18:01:11,412 [INFO] [DatabaseTurbo] -  Iniciando Transacci贸n ASNCRONA...
2026-02-09 18:01:12,059 [INFO] [DatabaseTurbo] -  Iniciando Transacci贸n ASNCRONA...
2026-02-09 18:04:53,738 [INFO] [DatabaseTurbo] -  Iniciando Transacci贸n ASNCRONA...
2026-02-09 18:04:54,333 [INFO] [DatabaseTurbo] -  Iniciando Transacci贸n ASNCRONA...
2026-02-09 18:23:13,421 [INFO] [DatabaseTurbo] -  Iniciando Transacci贸n ASNCRONA...
2026-02-09 18:23:14,304 [INFO] [DatabaseTurbo] -  Iniciando Transacci贸n ASNCRONA...
2026-02-09 18:23:15,314 [INFO] [DatabaseTurbo] -  Iniciando Transacci贸n ASNCRONA...
2026-02-09 18:23:15,794 [INFO] [DatabaseTurbo] -  Iniciando Transacci贸n ASNCRONA...
2026-02-09 18:23:19,034 [INFO] [DatabaseTurbo] -  Iniciando Transacci贸n ASNCRONA...
2026-02-09 18:23:20,591 [INFO] [VentaState] - Inicio de venta usuario=admin id=1 total=3.5
2026-02-09 18:23:20,593 [INFO] [DatabaseTurbo] -  Iniciando Transacci贸n ASNCRONA...
2026-02-09 18:23:20,673 [INFO] [VentaState] - Venta confirmada exitosamente. ID: 301
2026-02-09 18:26:11,568 [INFO] [DatabaseTurbo] -  Iniciando Transacci贸n ASNCRONA...
2026-02-09 18:26:12,836 [INFO] [DatabaseTurbo] -  Iniciando Transacci贸n ASNCRONA...
2026-02-09 19:02:24,608 [INFO] [VentaState] - Inicio de venta usuario=admin id=1 total=5.5
2026-02-09 19:02:24,609 [INFO] [DatabaseTurbo] -  Iniciando Transacci贸n ASNCRONA...
2026-02-09 19:02:24,637 [WARNING] [VentaState] - Validacion de venta fallida: Ingrese un monto valido.
2026-02-09 19:02:31,470 [INFO] [VentaState] - Inicio de venta usuario=admin id=1 total=5.5
2026-02-09 19:02:31,471 [INFO] [DatabaseTurbo] -  Iniciando Transacci贸n ASNCRONA...
2026-02-09 19:02:31,499 [WARNING] [VentaState] - Validacion de venta fallida: Ingrese un monto valido.
2026-02-09 19:02:32,296 [INFO] [VentaState] - Inicio de venta usuario=admin id=1 total=5.5
2026-02-09 19:02:32,297 [INFO] [DatabaseTurbo] -  Iniciando Transacci贸n ASNCRONA...
2026-02-09 19:02:32,333 [WARNING] [VentaState] - Validacion de venta fallida: Ingrese un monto valido.
2026-02-09 19:02:32,481 [INFO] [VentaState] - Inicio de venta usuario=admin id=1 total=5.5
2026-02-09 19:02:32,482 [INFO] [DatabaseTurbo] -  Iniciando Transacci贸n ASNCRONA...
2026-02-09 19:02:32,508 [WARNING] [VentaState] - Validacion de venta fallida: Ingrese un monto valido.
2026-02-09 19:02:32,640 [INFO] [VentaState] - Inicio de venta usuario=admin id=1 total=5.5
2026-02-09 19:02:32,641 [INFO] [DatabaseTurbo] -  Iniciando Transacci贸n ASNCRONA...
2026-02-09 19:02:32,665 [WARNING] [VentaState] - Validacion de venta fallida: Ingrese un monto valido.
2026-02-09 19:02:32,788 [INFO] [VentaState] - Inicio de venta usuario=admin id=1 total=5.5
2026-02-09 19:02:32,789 [INFO] [DatabaseTurbo] -  Iniciando Transacci贸n ASNCRONA...
2026-02-09 19:02:32,815 [WARNING] [VentaState] - Validacion de venta fallida: Ingrese un monto valido.
2026-02-09 19:02:32,942 [INFO] [VentaState] - Inicio de venta usuario=admin id=1 total=5.5
2026-02-09 19:02:32,943 [INFO] [DatabaseTurbo] -  Iniciando Transacci贸n ASNCRONA...
2026-02-09 19:02:32,971 [WARNING] [VentaState] - Validacion de venta fallida: Ingrese un monto valido.
2026-02-09 19:02:33,092 [INFO] [VentaState] - Inicio de venta usuario=admin id=1 total=5.5
2026-02-09 19:02:33,093 [INFO] [DatabaseTurbo] -  Iniciando Transacci贸n ASNCRONA...
2026-02-09 19:02:33,122 [WARNING] [VentaState] - Validacion de venta fallida: Ingrese un monto valido.
2026-02-09 19:02:33,246 [INFO] [VentaState] - Inicio de venta usuario=admin id=1 total=5.5
2026-02-09 19:02:33,247 [INFO] [DatabaseTurbo] -  Iniciando Transacci贸n ASNCRONA...
2026-02-09 19:02:33,274 [WARNING] [VentaState] - Validacion de venta fallida: Ingrese un monto valido.
2026-02-09 19:02:33,415 [INFO] [VentaState] - Inicio de venta usuario=admin id=1 total=5.5
2026-02-09 19:02:33,417 [INFO] [DatabaseTurbo] -  Iniciando Transacci贸n ASNCRONA...
2026-02-09 19:02:33,448 [WARNING] [VentaState] - Validacion de venta fallida: Ingrese un monto valido.
2026-02-09 19:02:33,735 [INFO] [VentaState] - Inicio de venta usuario=admin id=1 total=5.5
2026-02-09 19:02:33,736 [INFO] [DatabaseTurbo] -  Iniciando Transacci贸n ASNCRONA...
2026-02-09 19:02:33,761 [WARNING] [VentaState] - Validacion de venta fallida: Ingrese un monto valido.
2026-02-09 19:02:33,899 [INFO] [VentaState] - Inicio de venta usuario=admin id=1 total=5.5
2026-02-09 19:02:33,900 [INFO] [DatabaseTurbo] -  Iniciando Transacci贸n ASNCRONA...
2026-02-09 19:02:33,923 [WARNING] [VentaState] - Validacion de venta fallida: Ingrese un monto valido.
2026-02-09 19:02:34,259 [INFO] [VentaState] - Inicio de venta usuario=admin id=1 total=5.5
2026-02-09 19:02:34,260 [INFO] [DatabaseTurbo] -  Iniciando Transacci贸n ASNCRONA...
2026-02-09 19:02:34,284 [WARNING] [VentaState] - Validacion de venta fallida: Ingrese un monto valido.
2026-02-09 19:02:34,413 [INFO] [VentaState] - Inicio de venta usuario=admin id=1 total=5.5
2026-02-09 19:02:34,414 [INFO] [DatabaseTurbo] -  Iniciando Transacci贸n ASNCRONA...
2026-02-09 19:02:34,443 [WARNING] [VentaState] - Validacion de venta fallida: Ingrese un monto valido.
2026-02-09 19:02:36,370 [INFO] [VentaState] - Inicio de venta usuario=admin id=1 total=5.5
2026-02-09 19:02:36,371 [INFO] [DatabaseTurbo] -  Iniciando Transacci贸n ASNCRONA...
2026-02-09 19:02:36,398 [WARNING] [VentaState] - Validacion de venta fallida: Ingrese un monto valido.
2026-02-09 19:02:36,542 [INFO] [VentaState] - Inicio de venta usuario=admin id=1 total=5.5
2026-02-09 19:02:36,543 [INFO] [DatabaseTurbo] -  Iniciando Transacci贸n ASNCRONA...
2026-02-09 19:02:36,568 [WARNING] [VentaState] - Validacion de venta fallida: Ingrese un monto valido.
2026-02-09 19:02:36,844 [INFO] [VentaState] - Inicio de venta usuario=admin id=1 total=5.5
2026-02-09 19:02:36,845 [INFO] [DatabaseTurbo] -  Iniciando Transacci贸n ASNCRONA...
2026-02-09 19:02:36,868 [WARNING] [VentaState] - Validacion de venta fallida: Ingrese un monto valido.
2026-02-09 19:02:37,016 [INFO] [VentaState] - Inicio de venta usuario=admin id=1 total=5.5
2026-02-09 19:02:37,017 [INFO] [DatabaseTurbo] -  Iniciando Transacci贸n ASNCRONA...
2026-02-09 19:02:37,046 [WARNING] [VentaState] - Validacion de venta fallida: Ingrese un monto valido.
2026-02-09 19:02:45,193 [INFO] [DatabaseTurbo] -  Iniciando Transacci贸n ASNCRONA...
2026-02-09 19:02:46,309 [INFO] [DatabaseTurbo] -  Iniciando Transacci贸n ASNCRONA...
2026-02-09 19:02:47,307 [INFO] [VentaState] - Inicio de venta usuario=admin id=1 total=5.5
2026-02-09 19:02:47,308 [INFO] [DatabaseTurbo] -  Iniciando Transacci贸n ASNCRONA...
2026-02-09 19:02:47,338 [WARNING] [VentaState] - Validacion de venta fallida: Ingrese un monto valido.
2026-02-09 19:02:49,396 [INFO] [VentaState] - Inicio de venta usuario=admin id=1 total=5.5
2026-02-09 19:02:49,397 [INFO] [DatabaseTurbo] -  Iniciando Transacci贸n ASNCRONA...
2026-02-09 19:02:49,426 [WARNING] [VentaState] - Validacion de venta fallida: Ingrese un monto valido.
2026-02-09 19:02:49,700 [INFO] [VentaState] - Inicio de venta usuario=admin id=1 total=5.5
2026-02-09 19:02:49,701 [INFO] [DatabaseTurbo] -  Iniciando Transacci贸n ASNCRONA...
2026-02-09 19:02:49,742 [WARNING] [VentaState] - Validacion de venta fallida: Ingrese un monto valido.
2026-02-09 19:02:49,864 [INFO] [VentaState] - Inicio de venta usuario=admin id=1 total=5.5
2026-02-09 19:02:49,865 [INFO] [DatabaseTurbo] -  Iniciando Transacci贸n ASNCRONA...
2026-02-09 19:02:49,893 [WARNING] [VentaState] - Validacion de venta fallida: Ingrese un monto valido.
2026-02-09 19:02:50,058 [INFO] [VentaState] - Inicio de venta usuario=admin id=1 total=5.5
2026-02-09 19:02:50,059 [INFO] [DatabaseTurbo] -  Iniciando Transacci贸n ASNCRONA...
2026-02-09 19:02:50,085 [WARNING] [VentaState] - Validacion de venta fallida: Ingrese un monto valido.
2026-02-09 19:02:50,212 [INFO] [VentaState] - Inicio de venta usuario=admin id=1 total=5.5
2026-02-09 19:02:50,212 [INFO] [DatabaseTurbo] -  Iniciando Transacci贸n ASNCRONA...
2026-02-09 19:02:50,241 [WARNING] [VentaState] - Validacion de venta fallida: Ingrese un monto valido.
2026-02-09 19:02:51,175 [INFO] [VentaState] - Inicio de venta usuario=admin id=1 total=5.5
2026-02-09 19:02:51,176 [INFO] [DatabaseTurbo] -  Iniciando Transacci贸n ASNCRONA...
2026-02-09 19:02:51,206 [WARNING] [VentaState] - Validacion de venta fallida: Ingrese un monto valido.
2026-02-09 19:02:51,347 [INFO] [VentaState] - Inicio de venta usuario=admin id=1 total=5.5
2026-02-09 19:02:51,348 [INFO] [DatabaseTurbo] -  Iniciando Transacci贸n ASNCRONA...
2026-02-09 19:02:51,375 [WARNING] [VentaState] - Validacion de venta fallida: Ingrese un monto valido.
2026-02-09 19:02:51,524 [INFO] [VentaState] - Inicio de venta usuario=admin id=1 total=5.5
2026-02-09 19:02:51,525 [INFO] [DatabaseTurbo] -  Iniciando Transacci贸n ASNCRONA...
2026-02-09 19:02:51,545 [WARNING] [VentaState] - Validacion de venta fallida: Ingrese un monto valido.
2026-02-09 19:02:53,479 [INFO] [VentaState] - Inicio de venta usuario=admin id=1 total=5.5
2026-02-09 19:02:53,480 [INFO] [DatabaseTurbo] -  Iniciando Transacci贸n ASNCRONA...
2026-02-09 19:02:53,505 [WARNING] [VentaState] - Validacion de venta fallida: Ingrese un monto valido.
2026-02-09 19:02:53,637 [INFO] [VentaState] - Inicio de venta usuario=admin id=1 total=5.5
2026-02-09 19:02:53,638 [INFO] [DatabaseTurbo] -  Iniciando Transacci贸n ASNCRONA...
2026-02-09 19:02:53,662 [WARNING] [VentaState] - Validacion de venta fallida: Ingrese un monto valido.
2026-02-09 19:02:53,800 [INFO] [VentaState] - Inicio de venta usuario=admin id=1 total=5.5
2026-02-09 19:02:53,801 [INFO] [DatabaseTurbo] -  Iniciando Transacci贸n ASNCRONA...
2026-02-09 19:02:53,828 [WARNING] [VentaState] - Validacion de venta fallida: Ingrese un monto valido.
2026-02-09 19:02:54,369 [INFO] [VentaState] - Inicio de venta usuario=admin id=1 total=5.5
2026-02-09 19:02:54,370 [INFO] [DatabaseTurbo] -  Iniciando Transacci贸n ASNCRONA...
2026-02-09 19:02:54,409 [WARNING] [VentaState] - Validacion de venta fallida: Ingrese un monto valido.
2026-02-09 19:02:54,601 [INFO] [VentaState] - Inicio de venta usuario=admin id=1 total=5.5
2026-02-09 19:02:54,602 [INFO] [DatabaseTurbo] -  Iniciando Transacci贸n ASNCRONA...
2026-02-09 19:02:54,630 [WARNING] [VentaState] - Validacion de venta fallida: Ingrese un monto valido.
2026-02-09 19:02:54,996 [INFO] [VentaState] - Inicio de venta usuario=admin id=1 total=5.5
2026-02-09 19:02:54,997 [INFO] [DatabaseTurbo] -  Iniciando Transacci贸n ASNCRONA...
2026-02-09 19:02:55,027 [WARNING] [VentaState] - Validacion de venta fallida: Ingrese un monto valido.
2026-02-09 19:02:55,179 [INFO] [VentaState] - Inicio de venta usuario=admin id=1 total=5.5
2026-02-09 19:02:55,180 [INFO] [DatabaseTurbo] -  Iniciando Transacci贸n ASNCRONA...
2026-02-09 19:02:55,223 [WARNING] [VentaState] - Validacion de venta fallida: Ingrese un monto valido.
2026-02-09 19:02:55,366 [INFO] [VentaState] - Inicio de venta usuario=admin id=1 total=5.5
2026-02-09 19:02:55,367 [INFO] [DatabaseTurbo] -  Iniciando Transacci贸n ASNCRONA...
2026-02-09 19:02:55,402 [WARNING] [VentaState] - Validacion de venta fallida: Ingrese un monto valido.
2026-02-09 19:02:55,561 [INFO] [VentaState] - Inicio de venta usuario=admin id=1 total=5.5
2026-02-09 19:02:55,562 [INFO] [DatabaseTurbo] -  Iniciando Transacci贸n ASNCRONA...
2026-02-09 19:02:55,592 [WARNING] [VentaState] - Validacion de venta fallida: Ingrese un monto valido.
2026-02-09 19:02:55,768 [INFO] [VentaState] - Inicio de venta usuario=admin id=1 total=5.5
2026-02-09 19:02:55,769 [INFO] [DatabaseTurbo] -  Iniciando Transacci贸n ASNCRONA...
2026-02-09 19:02:55,800 [WARNING] [VentaState] - Validacion de venta fallida: Ingrese un monto valido.
2026-02-09 19:02:55,977 [INFO] [VentaState] - Inicio de venta usuario=admin id=1 total=5.5
2026-02-09 19:02:55,978 [INFO] [DatabaseTurbo] -  Iniciando Transacci贸n ASNCRONA...
2026-02-09 19:02:56,011 [WARNING] [VentaState] - Validacion de venta fallida: Ingrese un monto valido.
2026-02-09 19:02:56,157 [INFO] [VentaState] - Inicio de venta usuario=admin id=1 total=5.5
2026-02-09 19:02:56,158 [INFO] [DatabaseTurbo] -  Iniciando Transacci贸n ASNCRONA...
2026-02-09 19:02:56,191 [WARNING] [VentaState] - Validacion de venta fallida: Ingrese un monto valido.
2026-02-09 19:02:56,331 [INFO] [VentaState] - Inicio de venta usuario=admin id=1 total=5.5
2026-02-09 19:02:56,332 [INFO] [DatabaseTurbo] -  Iniciando Transacci贸n ASNCRONA...
2026-02-09 19:02:56,361 [WARNING] [VentaState] - Validacion de venta fallida: Ingrese un monto valido.
2026-02-09 19:02:56,487 [INFO] [VentaState] - Inicio de venta usuario=admin id=1 total=5.5
2026-02-09 19:02:56,488 [INFO] [DatabaseTurbo] -  Iniciando Transacci贸n ASNCRONA...
2026-02-09 19:02:56,520 [WARNING] [VentaState] - Validacion de venta fallida: Ingrese un monto valido.
2026-02-09 19:02:57,032 [INFO] [VentaState] - Inicio de venta usuario=admin id=1 total=5.5
2026-02-09 19:02:57,033 [INFO] [DatabaseTurbo] -  Iniciando Transacci贸n ASNCRONA...
2026-02-09 19:02:57,067 [WARNING] [VentaState] - Validacion de venta fallida: Ingrese un monto valido.
2026-02-09 19:02:57,212 [INFO] [VentaState] - Inicio de venta usuario=admin id=1 total=5.5
2026-02-09 19:02:57,212 [INFO] [DatabaseTurbo] -  Iniciando Transacci贸n ASNCRONA...
2026-02-09 19:02:57,243 [WARNING] [VentaState] - Validacion de venta fallida: Ingrese un monto valido.
2026-02-09 19:02:57,558 [INFO] [VentaState] - Inicio de venta usuario=admin id=1 total=5.5
2026-02-09 19:02:57,559 [INFO] [DatabaseTurbo] -  Iniciando Transacci贸n ASNCRONA...
2026-02-09 19:02:57,593 [WARNING] [VentaState] - Validacion de venta fallida: Ingrese un monto valido.
2026-02-09 19:02:57,724 [INFO] [VentaState] - Inicio de venta usuario=admin id=1 total=5.5
2026-02-09 19:02:57,726 [INFO] [DatabaseTurbo] -  Iniciando Transacci贸n ASNCRONA...
2026-02-09 19:02:57,758 [WARNING] [VentaState] - Validacion de venta fallida: Ingrese un monto valido.
2026-02-09 19:03:07,715 [INFO] [VentaState] - Inicio de venta usuario=admin id=1 total=5.5
2026-02-09 19:03:07,716 [INFO] [DatabaseTurbo] -  Iniciando Transacci贸n ASNCRONA...
2026-02-09 19:03:07,758 [WARNING] [VentaState] - Validacion de venta fallida: Ingrese un monto valido.
2026-02-09 19:03:10,183 [INFO] [VentaState] - Inicio de venta usuario=admin id=1 total=5.5
2026-02-09 19:03:10,185 [INFO] [DatabaseTurbo] -  Iniciando Transacci贸n ASNCRONA...
2026-02-09 19:03:10,228 [WARNING] [VentaState] - Validacion de venta fallida: Ingrese un monto valido.
2026-02-09 19:03:10,427 [INFO] [VentaState] - Inicio de venta usuario=admin id=1 total=5.5
2026-02-09 19:03:10,428 [INFO] [DatabaseTurbo] -  Iniciando Transacci贸n ASNCRONA...
2026-02-09 19:03:10,457 [WARNING] [VentaState] - Validacion de venta fallida: Ingrese un monto valido.
2026-02-09 19:03:10,597 [INFO] [VentaState] - Inicio de venta usuario=admin id=1 total=5.5
2026-02-09 19:03:10,598 [INFO] [DatabaseTurbo] -  Iniciando Transacci贸n ASNCRONA...
2026-02-09 19:03:10,624 [WARNING] [VentaState] - Validacion de venta fallida: Ingrese un monto valido.
2026-02-09 19:03:10,769 [INFO] [VentaState] - Inicio de venta usuario=admin id=1 total=5.5
2026-02-09 19:03:10,770 [INFO] [DatabaseTurbo] -  Iniciando Transacci贸n ASNCRONA...
2026-02-09 19:03:10,795 [WARNING] [VentaState] - Validacion de venta fallida: Ingrese un monto valido.
2026-02-09 19:09:02,431 [INFO] [DatabaseTurbo] -  Iniciando Transacci贸n ASNCRONA...
2026-02-09 19:09:04,539 [INFO] [DatabaseTurbo] -  Iniciando Transacci贸n ASNCRONA...
2026-02-09 19:09:06,856 [INFO] [DatabaseTurbo] -  Iniciando Transacci贸n ASNCRONA...
2026-02-09 19:09:16,428 [INFO] [VentaState] - Inicio de venta usuario=admin id=1 total=6.0
2026-02-09 19:09:16,429 [INFO] [DatabaseTurbo] -  Iniciando Transacci贸n ASNCRONA...
2026-02-09 19:09:16,521 [INFO] [VentaState] - Venta confirmada exitosamente. ID: 302
2026-02-09 19:13:12,031 [INFO] [DatabaseTurbo] -  Iniciando Transacci贸n ASNCRONA...
2026-02-09 19:13:14,125 [INFO] [DatabaseTurbo] -  Iniciando Transacci贸n ASNCRONA...
2026-02-09 19:13:16,755 [INFO] [VentaState] - Inicio de venta usuario=admin id=1 total=2.5
2026-02-09 19:13:21,376 [INFO] [VentaState] - Inicio de venta usuario=admin id=1 total=2.5
2026-02-09 19:13:21,378 [INFO] [DatabaseTurbo] -  Iniciando Transacci贸n ASNCRONA...
2026-02-09 19:13:21,465 [INFO] [VentaState] - Venta confirmada exitosamente. ID: 303
2026-02-09 19:15:42,229 [INFO] [DatabaseTurbo] -  Iniciando Transacci贸n ASNCRONA...
2026-02-09 19:15:44,700 [INFO] [DatabaseTurbo] -  Iniciando Transacci贸n ASNCRONA...
2026-02-09 19:15:46,017 [INFO] [DatabaseTurbo] -  Iniciando Transacci贸n ASNCRONA...
2026-02-09 19:15:47,229 [INFO] [DatabaseTurbo] -  Iniciando Transacci贸n ASNCRONA...
2026-02-09 19:15:51,392 [INFO] [VentaState] - Inicio de venta usuario=admin id=1 total=3.5
2026-02-09 19:15:51,393 [INFO] [DatabaseTurbo] -  Iniciando Transacci贸n ASNCRONA...
2026-02-09 19:15:51,445 [INFO] [VentaState] - Venta confirmada exitosamente. ID: 304
2026-02-09 19:18:26,518 [INFO] [DatabaseTurbo] -  Iniciando Transacci贸n ASNCRONA...
2026-02-09 19:18:27,500 [INFO] [DatabaseTurbo] -  Iniciando Transacci贸n ASNCRONA...
2026-02-09 19:18:28,640 [INFO] [DatabaseTurbo] -  Iniciando Transacci贸n ASNCRONA...
2026-02-09 19:18:30,403 [INFO] [DatabaseTurbo] -  Iniciando Transacci贸n ASNCRONA...
2026-02-09 19:18:33,486 [INFO] [DatabaseTurbo] -  Iniciando Transacci贸n ASNCRONA...
2026-02-09 19:18:35,151 [INFO] [DatabaseTurbo] -  Iniciando Transacci贸n ASNCRONA...
2026-02-09 19:18:40,434 [INFO] [VentaState] - Inicio de venta usuario=admin id=1 total=10.5
2026-02-09 19:18:40,435 [INFO] [DatabaseTurbo] -  Iniciando Transacci贸n ASNCRONA...
2026-02-09 19:18:40,492 [INFO] [VentaState] - Venta confirmada exitosamente. ID: 305
